<?xml version="1.0" encoding="UTF-8"?>
<testng-results ignored="0" total="1" passed="1" failed="0" skipped="0">
  <reporter-output>
  </reporter-output>
  <suite started-at="2024-09-03T13:05:38 PKT" name="Suite" finished-at="2024-09-03T13:05:40 PKT" duration-ms="1972">
    <groups>
    </groups>
    <test started-at="2024-09-03T13:05:38 PKT" name="Test" finished-at="2024-09-03T13:05:40 PKT" duration-ms="1972">
      <class name="Quiz.QuizTestNG">
        <test-method is-config="true" signature="setUpOnce()[pri:0, instance:Quiz.QuizTestNG@3349e9bb]" started-at="2024-09-03T13:05:38 PKT" name="setUpOnce" finished-at="2024-09-03T13:05:38 PKT" duration-ms="87" status="PASS">
          <reporter-output>
          </reporter-output>
        </test-method> <!-- setUpOnce -->
        <test-method is-config="true" signature="setUp()[pri:0, instance:Quiz.QuizTestNG@3349e9bb]" started-at="2024-09-03T13:05:38 PKT" name="setUp" finished-at="2024-09-03T13:05:39 PKT" duration-ms="790" status="PASS">
          <reporter-output>
          </reporter-output>
        </test-method> <!-- setUp -->
        <test-method signature="previousButtonDisabled()[pri:0, instance:Quiz.QuizTestNG@3349e9bb]" started-at="2024-09-03T13:05:39 PKT" name="previousButtonDisabled" finished-at="2024-09-03T13:05:40 PKT" duration-ms="978" status="PASS">
          <reporter-output>
          </reporter-output>
        </test-method> <!-- previousButtonDisabled -->
        <test-method is-config="true" signature="tearDown()[pri:0, instance:Quiz.QuizTestNG@3349e9bb]" started-at="2024-09-03T13:05:40 PKT" name="tearDown" finished-at="2024-09-03T13:05:40 PKT" duration-ms="26" status="PASS">
          <reporter-output>
          </reporter-output>
        </test-method> <!-- tearDown -->
        <test-method is-config="true" signature="tearDownOnce()[pri:0, instance:Quiz.QuizTestNG@3349e9bb]" started-at="2024-09-03T13:05:40 PKT" name="tearDownOnce" finished-at="2024-09-03T13:05:40 PKT" duration-ms="1" status="PASS">
          <reporter-output>
          </reporter-output>
        </test-method> <!-- tearDownOnce -->
      </class> <!-- Quiz.QuizTestNG -->
    </test> <!-- Test -->
  </suite> <!-- Suite -->
</testng-results>
