<?xml version="1.0" encoding="UTF-8"?>
<!-- Generated by org.testng.reporters.JUnitXMLReporter -->
<testsuite ignored="4" hostname="DESKTOP-TIVA8EK" failures="0" tests="1" name="Test" time="1.972" errors="0" timestamp="2024-09-03T13:05:40 PKT">
  <testcase classname="Quiz.QuizTestNG" name="previousButtonDisabled" time="0.978"/>
  <testcase classname="Quiz.QuizTestNG" name="testNextButtonClick" time="0.0">
    <ignored/>
  </testcase> <!-- testNextButtonClick -->
  <testcase classname="Quiz.QuizTestNG" name="shouldShowErrorIfNoOptionSelected" time="0.0">
    <ignored/>
  </testcase> <!-- shouldShowErrorIfNoOptionSelected -->
  <testcase classname="Quiz.QuizTestNG" name="shouldSelectOptionAndMoveToNextQuestion" time="0.0">
    <ignored/>
  </testcase> <!-- shouldSelectOptionAndMoveToNextQuestion -->
  <testcase classname="Quiz.QuizTestNG" name="shouldDisplayQuestionAndOptions" time="0.0">
    <ignored/>
  </testcase> <!-- shouldDisplayQuestionAndOptions -->
</testsuite> <!-- Test -->
